2018-04-22 11:01:21 MainProcess urllib3.connectionpool DEBUG    Starting new HTTP connection (1): www.freebanking.co.za
2018-04-22 11:01:22 MainProcess urllib3.connectionpool DEBUG    http://www.freebanking.co.za:80 "GET / HTTP/1.1" 301 None
2018-04-22 11:01:22 MainProcess urllib3.connectionpool DEBUG    Starting new HTTPS connection (1): www.freebanking.co.za
2018-04-22 11:01:29 MainProcess urllib3.connectionpool DEBUG    https://www.freebanking.co.za:443 "GET / HTTP/1.1" 301 None
2018-04-22 11:01:29 MainProcess urllib3.connectionpool DEBUG    Starting new HTTPS connection (1): www.freebanking.co.za
2018-04-22 11:37:31 MainProcess urllib3.connectionpool DEBUG    Starting new HTTP connection (1): www.freebanking.co.za
2018-04-22 11:37:31 MainProcess urllib3.connectionpool DEBUG    http://www.freebanking.co.za:80 "GET / HTTP/1.1" 301 None
2018-04-22 11:37:31 MainProcess urllib3.connectionpool DEBUG    Starting new HTTPS connection (1): www.freebanking.co.za
2018-04-22 11:37:32 MainProcess urllib3.connectionpool DEBUG    https://www.freebanking.co.za:443 "GET / HTTP/1.1" 301 None
2018-04-22 11:37:32 MainProcess urllib3.connectionpool DEBUG    Starting new HTTPS connection (1): www.freebanking.co.za
2018-04-22 12:05:24 MainProcess urllib3.connectionpool DEBUG    Starting new HTTP connection (1): www.freebanking.co.za
2018-04-22 12:05:24 MainProcess urllib3.connectionpool DEBUG    http://www.freebanking.co.za:80 "GET / HTTP/1.1" 301 None
2018-04-22 12:05:25 MainProcess urllib3.connectionpool DEBUG    Starting new HTTPS connection (1): www.freebanking.co.za
2018-04-22 12:05:25 MainProcess urllib3.connectionpool DEBUG    https://www.freebanking.co.za:443 "GET / HTTP/1.1" 301 None
2018-04-22 12:05:25 MainProcess urllib3.connectionpool DEBUG    Starting new HTTPS connection (1): www.freebanking.co.za
2018-04-22 12:21:48 MainProcess urllib3.connectionpool DEBUG    Starting new HTTP connection (1): www.freebanking.co.za
2018-04-22 12:21:48 MainProcess urllib3.connectionpool DEBUG    http://www.freebanking.co.za:80 "GET / HTTP/1.1" 301 None
2018-04-22 12:21:48 MainProcess urllib3.connectionpool DEBUG    Starting new HTTPS connection (1): www.freebanking.co.za
2018-04-22 12:21:49 MainProcess urllib3.connectionpool DEBUG    https://www.freebanking.co.za:443 "GET / HTTP/1.1" 301 None
2018-04-22 12:21:49 MainProcess urllib3.connectionpool DEBUG    Starting new HTTPS connection (1): www.freebanking.co.za
2018-04-22 12:54:39 MainProcess urllib3.connectionpool DEBUG    Starting new HTTP connection (1): www.freebanking.co.za
2018-04-22 12:54:39 MainProcess urllib3.connectionpool DEBUG    http://www.freebanking.co.za:80 "GET / HTTP/1.1" 301 None
2018-04-22 12:54:40 MainProcess urllib3.connectionpool DEBUG    Starting new HTTPS connection (1): www.freebanking.co.za
2018-04-22 12:54:40 MainProcess urllib3.connectionpool DEBUG    https://www.freebanking.co.za:443 "GET / HTTP/1.1" 301 None
2018-04-22 12:54:40 MainProcess urllib3.connectionpool DEBUG    Starting new HTTPS connection (1): www.freebanking.co.za
2018-04-22 13:02:40 MainProcess urllib3.connectionpool DEBUG    Starting new HTTP connection (1): www.freebanking.co.za
2018-04-22 13:02:40 MainProcess urllib3.connectionpool DEBUG    http://www.freebanking.co.za:80 "GET / HTTP/1.1" 301 None
2018-04-22 13:02:40 MainProcess urllib3.connectionpool DEBUG    Starting new HTTPS connection (1): www.freebanking.co.za
2018-04-22 13:02:41 MainProcess urllib3.connectionpool DEBUG    https://www.freebanking.co.za:443 "GET / HTTP/1.1" 301 None
2018-04-22 13:02:41 MainProcess urllib3.connectionpool DEBUG    Starting new HTTPS connection (1): www.freebanking.co.za
2018-04-22 13:15:33 MainProcess urllib3.connectionpool DEBUG    Starting new HTTP connection (1): www.freebanking.co.za
2018-04-22 13:15:34 MainProcess urllib3.connectionpool DEBUG    http://www.freebanking.co.za:80 "GET / HTTP/1.1" 301 None
2018-04-22 13:15:34 MainProcess urllib3.connectionpool DEBUG    Starting new HTTPS connection (1): www.freebanking.co.za
2018-04-22 13:15:34 MainProcess urllib3.connectionpool DEBUG    https://www.freebanking.co.za:443 "GET / HTTP/1.1" 301 None
2018-04-22 13:15:34 MainProcess urllib3.connectionpool DEBUG    Starting new HTTPS connection (1): www.freebanking.co.za
2018-04-22 13:19:19 MainProcess urllib3.connectionpool DEBUG    Starting new HTTP connection (1): www.freebanking.co.za
2018-04-22 13:19:20 MainProcess urllib3.connectionpool DEBUG    http://www.freebanking.co.za:80 "GET / HTTP/1.1" 301 None
2018-04-22 13:19:20 MainProcess urllib3.connectionpool DEBUG    Starting new HTTPS connection (1): www.freebanking.co.za
2018-04-22 13:19:20 MainProcess urllib3.connectionpool DEBUG    https://www.freebanking.co.za:443 "GET / HTTP/1.1" 301 None
2018-04-22 13:19:20 MainProcess urllib3.connectionpool DEBUG    Starting new HTTPS connection (1): www.freebanking.co.za
2018-04-22 13:24:10 MainProcess urllib3.connectionpool DEBUG    Starting new HTTP connection (1): www.freebanking.co.za
2018-04-22 13:24:11 MainProcess urllib3.connectionpool DEBUG    http://www.freebanking.co.za:80 "GET / HTTP/1.1" 301 None
2018-04-22 13:24:11 MainProcess urllib3.connectionpool DEBUG    Starting new HTTPS connection (1): www.freebanking.co.za
2018-04-22 13:24:11 MainProcess urllib3.connectionpool DEBUG    https://www.freebanking.co.za:443 "GET / HTTP/1.1" 301 None
2018-04-22 13:24:11 MainProcess urllib3.connectionpool DEBUG    Starting new HTTPS connection (1): www.freebanking.co.za
2018-04-22 13:25:46 MainProcess urllib3.connectionpool DEBUG    Starting new HTTP connection (1): www.freebanking.co.za
2018-04-22 13:25:47 MainProcess urllib3.connectionpool DEBUG    http://www.freebanking.co.za:80 "GET / HTTP/1.1" 301 None
2018-04-22 13:25:47 MainProcess urllib3.connectionpool DEBUG    Starting new HTTPS connection (1): www.freebanking.co.za
2018-04-22 13:25:47 MainProcess urllib3.connectionpool DEBUG    https://www.freebanking.co.za:443 "GET / HTTP/1.1" 301 None
2018-04-22 13:25:47 MainProcess urllib3.connectionpool DEBUG    Starting new HTTPS connection (1): www.freebanking.co.za
2018-04-22 13:29:37 MainProcess urllib3.connectionpool DEBUG    Starting new HTTP connection (1): www.freebanking.co.za
2018-04-22 13:29:37 MainProcess urllib3.connectionpool DEBUG    http://www.freebanking.co.za:80 "GET / HTTP/1.1" 301 None
2018-04-22 13:29:37 MainProcess urllib3.connectionpool DEBUG    Starting new HTTPS connection (1): www.freebanking.co.za
2018-04-22 13:29:38 MainProcess urllib3.connectionpool DEBUG    https://www.freebanking.co.za:443 "GET / HTTP/1.1" 301 None
2018-04-22 13:29:38 MainProcess urllib3.connectionpool DEBUG    Starting new HTTPS connection (1): www.freebanking.co.za
2018-04-22 13:29:55 MainProcess urllib3.connectionpool DEBUG    Starting new HTTP connection (1): www.freebanking.co.za
2018-04-22 13:29:56 MainProcess urllib3.connectionpool DEBUG    http://www.freebanking.co.za:80 "GET / HTTP/1.1" 301 None
2018-04-22 13:29:56 MainProcess urllib3.connectionpool DEBUG    Starting new HTTPS connection (1): www.freebanking.co.za
2018-04-22 13:29:56 MainProcess urllib3.connectionpool DEBUG    https://www.freebanking.co.za:443 "GET / HTTP/1.1" 301 None
2018-04-22 13:29:56 MainProcess urllib3.connectionpool DEBUG    Starting new HTTPS connection (1): www.freebanking.co.za
2018-04-22 13:30:47 MainProcess urllib3.connectionpool DEBUG    Starting new HTTP connection (1): www.freebanking.co.za
2018-04-22 13:30:48 MainProcess urllib3.connectionpool DEBUG    http://www.freebanking.co.za:80 "GET / HTTP/1.1" 301 None
2018-04-22 13:30:48 MainProcess urllib3.connectionpool DEBUG    Starting new HTTPS connection (1): www.freebanking.co.za
2018-04-22 13:30:48 MainProcess urllib3.connectionpool DEBUG    https://www.freebanking.co.za:443 "GET / HTTP/1.1" 301 None
2018-04-22 13:30:48 MainProcess urllib3.connectionpool DEBUG    Starting new HTTPS connection (1): www.freebanking.co.za
2018-04-22 13:31:25 MainProcess urllib3.connectionpool DEBUG    Starting new HTTP connection (1): www.freebanking.co.za
2018-04-22 13:31:25 MainProcess urllib3.connectionpool DEBUG    http://www.freebanking.co.za:80 "GET / HTTP/1.1" 301 None
2018-04-22 13:31:25 MainProcess urllib3.connectionpool DEBUG    Starting new HTTPS connection (1): www.freebanking.co.za
2018-04-22 13:31:26 MainProcess urllib3.connectionpool DEBUG    https://www.freebanking.co.za:443 "GET / HTTP/1.1" 301 None
2018-04-22 13:31:26 MainProcess urllib3.connectionpool DEBUG    Starting new HTTPS connection (1): www.freebanking.co.za
2018-04-22 13:32:31 MainProcess urllib3.connectionpool DEBUG    Starting new HTTP connection (1): www.freebanking.co.za
2018-04-22 13:32:31 MainProcess urllib3.connectionpool DEBUG    http://www.freebanking.co.za:80 "GET / HTTP/1.1" 301 None
2018-04-22 13:32:31 MainProcess urllib3.connectionpool DEBUG    Starting new HTTPS connection (1): www.freebanking.co.za
2018-04-22 13:32:32 MainProcess urllib3.connectionpool DEBUG    https://www.freebanking.co.za:443 "GET / HTTP/1.1" 301 None
2018-04-22 13:32:32 MainProcess urllib3.connectionpool DEBUG    Starting new HTTPS connection (1): www.freebanking.co.za
2018-04-22 13:34:00 MainProcess urllib3.connectionpool DEBUG    Starting new HTTP connection (1): www.freebanking.co.za
2018-04-22 13:34:01 MainProcess urllib3.connectionpool DEBUG    http://www.freebanking.co.za:80 "GET / HTTP/1.1" 301 None
2018-04-22 13:34:01 MainProcess urllib3.connectionpool DEBUG    Starting new HTTPS connection (1): www.freebanking.co.za
2018-04-22 13:34:01 MainProcess urllib3.connectionpool DEBUG    https://www.freebanking.co.za:443 "GET / HTTP/1.1" 301 None
2018-04-22 13:34:01 MainProcess urllib3.connectionpool DEBUG    Starting new HTTPS connection (1): www.freebanking.co.za
2018-04-22 13:59:59 MainProcess urllib3.connectionpool DEBUG    Starting new HTTP connection (1): www.freebanking.co.za
2018-04-22 14:00:00 MainProcess urllib3.connectionpool DEBUG    http://www.freebanking.co.za:80 "GET / HTTP/1.1" 301 None
2018-04-22 14:00:00 MainProcess urllib3.connectionpool DEBUG    Starting new HTTPS connection (1): www.freebanking.co.za
2018-04-22 14:00:00 MainProcess urllib3.connectionpool DEBUG    https://www.freebanking.co.za:443 "GET / HTTP/1.1" 301 None
2018-04-22 14:00:00 MainProcess urllib3.connectionpool DEBUG    Starting new HTTPS connection (1): www.freebanking.co.za
2018-04-22 14:00:48 MainProcess urllib3.connectionpool DEBUG    Starting new HTTP connection (1): www.freebanking.co.za
2018-04-22 14:00:48 MainProcess urllib3.connectionpool DEBUG    http://www.freebanking.co.za:80 "GET / HTTP/1.1" 301 None
2018-04-22 14:00:48 MainProcess urllib3.connectionpool DEBUG    Starting new HTTPS connection (1): www.freebanking.co.za
2018-04-22 14:00:49 MainProcess urllib3.connectionpool DEBUG    https://www.freebanking.co.za:443 "GET / HTTP/1.1" 301 None
2018-04-22 14:00:49 MainProcess urllib3.connectionpool DEBUG    Starting new HTTPS connection (1): www.freebanking.co.za
2018-04-22 14:01:25 MainProcess urllib3.connectionpool DEBUG    Starting new HTTP connection (1): www.freebanking.co.za
2018-04-22 14:01:25 MainProcess urllib3.connectionpool DEBUG    http://www.freebanking.co.za:80 "GET / HTTP/1.1" 301 None
2018-04-22 14:01:25 MainProcess urllib3.connectionpool DEBUG    Starting new HTTPS connection (1): www.freebanking.co.za
2018-04-22 14:01:26 MainProcess urllib3.connectionpool DEBUG    https://www.freebanking.co.za:443 "GET / HTTP/1.1" 301 None
2018-04-22 14:01:26 MainProcess urllib3.connectionpool DEBUG    Starting new HTTPS connection (1): www.freebanking.co.za
2018-04-22 14:04:00 MainProcess urllib3.connectionpool DEBUG    Starting new HTTP connection (1): www.freebanking.co.za
2018-04-22 14:04:01 MainProcess urllib3.connectionpool DEBUG    http://www.freebanking.co.za:80 "GET / HTTP/1.1" 301 None
2018-04-22 14:04:01 MainProcess urllib3.connectionpool DEBUG    Starting new HTTPS connection (1): www.freebanking.co.za
2018-04-22 14:04:01 MainProcess urllib3.connectionpool DEBUG    https://www.freebanking.co.za:443 "GET / HTTP/1.1" 301 None
2018-04-22 14:04:02 MainProcess urllib3.connectionpool DEBUG    Starting new HTTPS connection (1): www.freebanking.co.za
2018-04-22 14:04:13 MainProcess urllib3.connectionpool DEBUG    Starting new HTTP connection (1): www.freebanking.co.za
2018-04-22 14:04:13 MainProcess urllib3.connectionpool DEBUG    http://www.freebanking.co.za:80 "GET / HTTP/1.1" 301 None
2018-04-22 14:04:13 MainProcess urllib3.connectionpool DEBUG    Starting new HTTPS connection (1): www.freebanking.co.za
2018-04-22 14:04:14 MainProcess urllib3.connectionpool DEBUG    https://www.freebanking.co.za:443 "GET / HTTP/1.1" 301 None
2018-04-22 14:04:14 MainProcess urllib3.connectionpool DEBUG    Starting new HTTPS connection (1): www.freebanking.co.za
2018-04-22 14:06:39 MainProcess urllib3.connectionpool DEBUG    Starting new HTTP connection (1): www.freebanking.co.za
2018-04-22 14:06:40 MainProcess urllib3.connectionpool DEBUG    http://www.freebanking.co.za:80 "GET / HTTP/1.1" 301 None
2018-04-22 14:06:40 MainProcess urllib3.connectionpool DEBUG    Starting new HTTPS connection (1): www.freebanking.co.za
2018-04-22 14:06:40 MainProcess urllib3.connectionpool DEBUG    https://www.freebanking.co.za:443 "GET / HTTP/1.1" 301 None
2018-04-22 14:06:40 MainProcess urllib3.connectionpool DEBUG    Starting new HTTPS connection (1): www.freebanking.co.za
2018-04-22 14:06:41 MainProcess urllib3.connectionpool DEBUG    Starting new HTTP connection (1): www.freebank.co.za
2018-04-22 14:06:41 MainProcess urllib3.connectionpool DEBUG    http://www.freebank.co.za:80 "GET / HTTP/1.1" 301 None
2018-04-22 14:06:41 MainProcess urllib3.connectionpool DEBUG    Starting new HTTPS connection (1): www.freebank.co.za
2018-04-22 14:06:44 MainProcess urllib3.connectionpool DEBUG    https://www.freebank.co.za:443 "GET / HTTP/1.1" 301 None
2018-04-22 14:06:44 MainProcess urllib3.connectionpool DEBUG    Starting new HTTPS connection (1): www.freebank.co.za
2018-04-22 14:12:04 MainProcess urllib3.connectionpool DEBUG    Starting new HTTP connection (1): www.freebanking.co.za
2018-04-22 14:12:04 MainProcess urllib3.connectionpool DEBUG    http://www.freebanking.co.za:80 "GET / HTTP/1.1" 301 None
2018-04-22 14:12:04 MainProcess urllib3.connectionpool DEBUG    Starting new HTTPS connection (1): www.freebanking.co.za
2018-04-22 14:12:05 MainProcess urllib3.connectionpool DEBUG    https://www.freebanking.co.za:443 "GET / HTTP/1.1" 301 None
2018-04-22 14:12:05 MainProcess urllib3.connectionpool DEBUG    Starting new HTTPS connection (1): www.freebanking.co.za
2018-04-22 14:12:05 MainProcess urllib3.connectionpool DEBUG    Starting new HTTP connection (1): www.freebank.co.za
2018-04-22 14:12:06 MainProcess urllib3.connectionpool DEBUG    http://www.freebank.co.za:80 "GET / HTTP/1.1" 301 None
2018-04-22 14:12:06 MainProcess urllib3.connectionpool DEBUG    Starting new HTTPS connection (1): www.freebank.co.za
2018-04-22 14:12:06 MainProcess urllib3.connectionpool DEBUG    https://www.freebank.co.za:443 "GET / HTTP/1.1" 301 None
2018-04-22 14:12:06 MainProcess urllib3.connectionpool DEBUG    Starting new HTTPS connection (1): www.freebank.co.za
2018-04-22 14:14:28 MainProcess urllib3.connectionpool DEBUG    Starting new HTTP connection (1): www.freebanking.co.za
2018-04-22 14:14:28 MainProcess urllib3.connectionpool DEBUG    http://www.freebanking.co.za:80 "GET / HTTP/1.1" 301 None
2018-04-22 14:14:28 MainProcess urllib3.connectionpool DEBUG    Starting new HTTPS connection (1): www.freebanking.co.za
2018-04-22 14:14:29 MainProcess urllib3.connectionpool DEBUG    https://www.freebanking.co.za:443 "GET / HTTP/1.1" 301 None
2018-04-22 14:14:29 MainProcess urllib3.connectionpool DEBUG    Starting new HTTPS connection (1): www.freebanking.co.za
2018-04-22 14:14:29 MainProcess urllib3.connectionpool DEBUG    Starting new HTTP connection (1): www.freebank.co.za
2018-04-22 14:14:29 MainProcess urllib3.connectionpool DEBUG    http://www.freebank.co.za:80 "GET / HTTP/1.1" 301 None
2018-04-22 14:14:29 MainProcess urllib3.connectionpool DEBUG    Starting new HTTPS connection (1): www.freebank.co.za
2018-04-22 14:14:30 MainProcess urllib3.connectionpool DEBUG    https://www.freebank.co.za:443 "GET / HTTP/1.1" 301 None
2018-04-22 14:14:30 MainProcess urllib3.connectionpool DEBUG    Starting new HTTPS connection (1): www.freebank.co.za
2018-04-22 14:14:43 MainProcess urllib3.connectionpool DEBUG    Starting new HTTP connection (1): www.freebanking.co.za
2018-04-22 14:14:43 MainProcess urllib3.connectionpool DEBUG    http://www.freebanking.co.za:80 "GET / HTTP/1.1" 301 None
2018-04-22 14:14:43 MainProcess urllib3.connectionpool DEBUG    Starting new HTTPS connection (1): www.freebanking.co.za
2018-04-22 14:14:44 MainProcess urllib3.connectionpool DEBUG    https://www.freebanking.co.za:443 "GET / HTTP/1.1" 301 None
2018-04-22 14:14:44 MainProcess urllib3.connectionpool DEBUG    Starting new HTTPS connection (1): www.freebanking.co.za
2018-04-22 14:14:44 MainProcess urllib3.connectionpool DEBUG    Starting new HTTP connection (1): www.freebank.co.za
2018-04-22 14:14:44 MainProcess urllib3.connectionpool DEBUG    http://www.freebank.co.za:80 "GET / HTTP/1.1" 301 None
2018-04-22 14:14:44 MainProcess urllib3.connectionpool DEBUG    Starting new HTTPS connection (1): www.freebank.co.za
2018-04-22 14:14:46 MainProcess urllib3.connectionpool DEBUG    https://www.freebank.co.za:443 "GET / HTTP/1.1" 301 None
2018-04-22 14:14:46 MainProcess urllib3.connectionpool DEBUG    Starting new HTTPS connection (1): www.freebank.co.za
2018-04-22 14:15:42 MainProcess urllib3.connectionpool DEBUG    Starting new HTTP connection (1): www.freebanking.co.za
2018-04-22 14:15:43 MainProcess urllib3.connectionpool DEBUG    http://www.freebanking.co.za:80 "GET / HTTP/1.1" 301 None
2018-04-22 14:15:43 MainProcess urllib3.connectionpool DEBUG    Starting new HTTPS connection (1): www.freebanking.co.za
2018-04-22 14:15:43 MainProcess urllib3.connectionpool DEBUG    https://www.freebanking.co.za:443 "GET / HTTP/1.1" 301 None
2018-04-22 14:15:43 MainProcess urllib3.connectionpool DEBUG    Starting new HTTPS connection (1): www.freebanking.co.za
2018-04-22 14:15:44 MainProcess urllib3.connectionpool DEBUG    Starting new HTTP connection (1): www.freebank.co.za
2018-04-22 14:15:44 MainProcess urllib3.connectionpool DEBUG    http://www.freebank.co.za:80 "GET / HTTP/1.1" 301 None
2018-04-22 14:15:44 MainProcess urllib3.connectionpool DEBUG    Starting new HTTPS connection (1): www.freebank.co.za
2018-04-22 14:15:45 MainProcess urllib3.connectionpool DEBUG    https://www.freebank.co.za:443 "GET / HTTP/1.1" 301 None
2018-04-22 14:15:45 MainProcess urllib3.connectionpool DEBUG    Starting new HTTPS connection (1): www.freebank.co.za
2018-04-22 14:16:01 MainProcess urllib3.connectionpool DEBUG    Starting new HTTP connection (1): www.freebanking.co.za
2018-04-22 14:16:01 MainProcess urllib3.connectionpool DEBUG    http://www.freebanking.co.za:80 "GET / HTTP/1.1" 301 None
2018-04-22 14:16:01 MainProcess urllib3.connectionpool DEBUG    Starting new HTTPS connection (1): www.freebanking.co.za
2018-04-22 14:16:04 MainProcess urllib3.connectionpool DEBUG    https://www.freebanking.co.za:443 "GET / HTTP/1.1" 301 None
2018-04-22 14:16:04 MainProcess urllib3.connectionpool DEBUG    Starting new HTTPS connection (1): www.freebanking.co.za
2018-04-22 14:16:04 MainProcess urllib3.connectionpool DEBUG    Starting new HTTP connection (1): www.freebank.co.za
2018-04-22 14:16:05 MainProcess urllib3.connectionpool DEBUG    http://www.freebank.co.za:80 "GET / HTTP/1.1" 301 None
2018-04-22 14:16:05 MainProcess urllib3.connectionpool DEBUG    Starting new HTTPS connection (1): www.freebank.co.za
2018-04-22 14:16:07 MainProcess urllib3.connectionpool DEBUG    https://www.freebank.co.za:443 "GET / HTTP/1.1" 301 None
2018-04-22 14:16:07 MainProcess urllib3.connectionpool DEBUG    Starting new HTTPS connection (1): www.freebank.co.za
2018-04-22 14:16:22 MainProcess urllib3.connectionpool DEBUG    Starting new HTTP connection (1): www.freebanking.co.za
2018-04-22 14:16:23 MainProcess urllib3.connectionpool DEBUG    http://www.freebanking.co.za:80 "GET / HTTP/1.1" 301 None
2018-04-22 14:16:23 MainProcess urllib3.connectionpool DEBUG    Starting new HTTPS connection (1): www.freebanking.co.za
2018-04-22 14:16:23 MainProcess urllib3.connectionpool DEBUG    https://www.freebanking.co.za:443 "GET / HTTP/1.1" 301 None
2018-04-22 14:16:23 MainProcess urllib3.connectionpool DEBUG    Starting new HTTPS connection (1): www.freebanking.co.za
2018-04-22 14:16:24 MainProcess urllib3.connectionpool DEBUG    Starting new HTTP connection (1): www.freebank.co.za
2018-04-22 14:16:24 MainProcess urllib3.connectionpool DEBUG    http://www.freebank.co.za:80 "GET / HTTP/1.1" 301 None
2018-04-22 14:16:24 MainProcess urllib3.connectionpool DEBUG    Starting new HTTPS connection (1): www.freebank.co.za
2018-04-22 14:16:25 MainProcess urllib3.connectionpool DEBUG    https://www.freebank.co.za:443 "GET / HTTP/1.1" 301 None
2018-04-22 14:16:25 MainProcess urllib3.connectionpool DEBUG    Starting new HTTPS connection (1): www.freebank.co.za
2018-04-22 15:19:34 MainProcess urllib3.connectionpool DEBUG    Starting new HTTP connection (1): www.freebanking.co.za
2018-04-22 15:19:35 MainProcess urllib3.connectionpool DEBUG    http://www.freebanking.co.za:80 "GET / HTTP/1.1" 301 None
2018-04-22 15:19:35 MainProcess urllib3.connectionpool DEBUG    Starting new HTTPS connection (1): www.freebanking.co.za
2018-04-22 15:19:35 MainProcess urllib3.connectionpool DEBUG    https://www.freebanking.co.za:443 "GET / HTTP/1.1" 301 None
2018-04-22 15:19:35 MainProcess urllib3.connectionpool DEBUG    Starting new HTTPS connection (1): www.freebanking.co.za
2018-04-22 15:19:36 MainProcess urllib3.connectionpool DEBUG    Starting new HTTP connection (1): www.freebank.co.za
2018-04-22 15:19:36 MainProcess urllib3.connectionpool DEBUG    http://www.freebank.co.za:80 "GET / HTTP/1.1" 301 None
2018-04-22 15:19:36 MainProcess urllib3.connectionpool DEBUG    Starting new HTTPS connection (1): www.freebank.co.za
2018-04-22 15:19:38 MainProcess urllib3.connectionpool DEBUG    https://www.freebank.co.za:443 "GET / HTTP/1.1" 301 None
2018-04-22 15:19:38 MainProcess urllib3.connectionpool DEBUG    Starting new HTTPS connection (1): www.freebank.co.za
2018-04-22 15:21:39 MainProcess urllib3.connectionpool DEBUG    Starting new HTTP connection (1): www.freebanking.co.za
2018-04-22 15:21:39 MainProcess urllib3.connectionpool DEBUG    http://www.freebanking.co.za:80 "GET / HTTP/1.1" 301 None
2018-04-22 15:21:39 MainProcess urllib3.connectionpool DEBUG    Starting new HTTPS connection (1): www.freebanking.co.za
2018-04-22 15:21:40 MainProcess urllib3.connectionpool DEBUG    https://www.freebanking.co.za:443 "GET / HTTP/1.1" 301 None
2018-04-22 15:21:40 MainProcess urllib3.connectionpool DEBUG    Starting new HTTPS connection (1): www.freebanking.co.za
2018-04-22 15:21:40 MainProcess urllib3.connectionpool DEBUG    Starting new HTTP connection (1): www.freebank.co.za
2018-04-22 15:21:41 MainProcess urllib3.connectionpool DEBUG    http://www.freebank.co.za:80 "GET / HTTP/1.1" 301 None
2018-04-22 15:21:41 MainProcess urllib3.connectionpool DEBUG    Starting new HTTPS connection (1): www.freebank.co.za
2018-04-22 15:21:41 MainProcess urllib3.connectionpool DEBUG    https://www.freebank.co.za:443 "GET / HTTP/1.1" 301 None
2018-04-22 15:21:41 MainProcess urllib3.connectionpool DEBUG    Starting new HTTPS connection (1): www.freebank.co.za
2018-04-22 15:22:49 MainProcess urllib3.connectionpool DEBUG    Starting new HTTP connection (1): www.freebanking.co.za
2018-04-22 15:22:50 MainProcess urllib3.connectionpool DEBUG    http://www.freebanking.co.za:80 "GET / HTTP/1.1" 301 None
2018-04-22 15:22:50 MainProcess urllib3.connectionpool DEBUG    Starting new HTTPS connection (1): www.freebanking.co.za
2018-04-22 15:22:50 MainProcess urllib3.connectionpool DEBUG    https://www.freebanking.co.za:443 "GET / HTTP/1.1" 301 None
2018-04-22 15:22:50 MainProcess urllib3.connectionpool DEBUG    Starting new HTTPS connection (1): www.freebanking.co.za
2018-04-22 15:22:51 MainProcess urllib3.connectionpool DEBUG    Starting new HTTP connection (1): www.freebank.co.za
2018-04-22 15:22:51 MainProcess urllib3.connectionpool DEBUG    http://www.freebank.co.za:80 "GET / HTTP/1.1" 301 None
2018-04-22 15:22:51 MainProcess urllib3.connectionpool DEBUG    Starting new HTTPS connection (1): www.freebank.co.za
2018-04-22 15:22:52 MainProcess urllib3.connectionpool DEBUG    https://www.freebank.co.za:443 "GET / HTTP/1.1" 301 None
2018-04-22 15:22:52 MainProcess urllib3.connectionpool DEBUG    Starting new HTTPS connection (1): www.freebank.co.za
2018-04-22 15:23:51 MainProcess urllib3.connectionpool DEBUG    Starting new HTTP connection (1): www.freebanking.co.za
2018-04-22 15:23:52 MainProcess urllib3.connectionpool DEBUG    http://www.freebanking.co.za:80 "GET / HTTP/1.1" 301 None
2018-04-22 15:23:52 MainProcess urllib3.connectionpool DEBUG    Starting new HTTPS connection (1): www.freebanking.co.za
2018-04-22 15:23:52 MainProcess urllib3.connectionpool DEBUG    https://www.freebanking.co.za:443 "GET / HTTP/1.1" 301 None
2018-04-22 15:23:52 MainProcess urllib3.connectionpool DEBUG    Starting new HTTPS connection (1): www.freebanking.co.za
2018-04-22 15:23:53 MainProcess urllib3.connectionpool DEBUG    Starting new HTTP connection (1): www.freebank.co.za
2018-04-22 15:23:53 MainProcess urllib3.connectionpool DEBUG    http://www.freebank.co.za:80 "GET / HTTP/1.1" 301 None
2018-04-22 15:23:53 MainProcess urllib3.connectionpool DEBUG    Starting new HTTPS connection (1): www.freebank.co.za
2018-04-22 15:23:54 MainProcess urllib3.connectionpool DEBUG    https://www.freebank.co.za:443 "GET / HTTP/1.1" 301 None
2018-04-22 15:23:54 MainProcess urllib3.connectionpool DEBUG    Starting new HTTPS connection (1): www.freebank.co.za
2018-04-22 15:26:08 MainProcess urllib3.connectionpool DEBUG    Starting new HTTP connection (1): www.freebanking.co.za
2018-04-22 15:26:08 MainProcess urllib3.connectionpool DEBUG    http://www.freebanking.co.za:80 "GET / HTTP/1.1" 301 None
2018-04-22 15:26:08 MainProcess urllib3.connectionpool DEBUG    Starting new HTTPS connection (1): www.freebanking.co.za
2018-04-22 15:26:09 MainProcess urllib3.connectionpool DEBUG    https://www.freebanking.co.za:443 "GET / HTTP/1.1" 301 None
2018-04-22 15:26:09 MainProcess urllib3.connectionpool DEBUG    Starting new HTTPS connection (1): www.freebanking.co.za
2018-04-22 15:26:09 MainProcess urllib3.connectionpool DEBUG    Starting new HTTP connection (1): www.freebank.co.za
2018-04-22 15:26:09 MainProcess urllib3.connectionpool DEBUG    http://www.freebank.co.za:80 "GET / HTTP/1.1" 301 None
2018-04-22 15:26:09 MainProcess urllib3.connectionpool DEBUG    Starting new HTTPS connection (1): www.freebank.co.za
2018-04-22 15:26:10 MainProcess urllib3.connectionpool DEBUG    https://www.freebank.co.za:443 "GET / HTTP/1.1" 301 None
2018-04-22 15:26:10 MainProcess urllib3.connectionpool DEBUG    Starting new HTTPS connection (1): www.freebank.co.za
2018-04-22 15:38:22 MainProcess urllib3.connectionpool DEBUG    Starting new HTTP connection (1): www.freebanking.co.za
2018-04-22 15:38:23 MainProcess urllib3.connectionpool DEBUG    http://www.freebanking.co.za:80 "GET / HTTP/1.1" 301 None
2018-04-22 15:38:23 MainProcess urllib3.connectionpool DEBUG    Starting new HTTPS connection (1): www.freebanking.co.za
2018-04-22 15:38:24 MainProcess urllib3.connectionpool DEBUG    https://www.freebanking.co.za:443 "GET / HTTP/1.1" 301 None
2018-04-22 15:38:24 MainProcess urllib3.connectionpool DEBUG    Starting new HTTPS connection (1): www.freebanking.co.za
2018-04-22 15:38:24 MainProcess urllib3.connectionpool DEBUG    Starting new HTTP connection (1): www.freebank.co.za
2018-04-22 15:38:24 MainProcess urllib3.connectionpool DEBUG    http://www.freebank.co.za:80 "GET / HTTP/1.1" 301 None
2018-04-22 15:38:24 MainProcess urllib3.connectionpool DEBUG    Starting new HTTPS connection (1): www.freebank.co.za
2018-04-22 15:38:25 MainProcess urllib3.connectionpool DEBUG    https://www.freebank.co.za:443 "GET / HTTP/1.1" 301 None
2018-04-22 15:38:25 MainProcess urllib3.connectionpool DEBUG    Starting new HTTPS connection (1): www.freebank.co.za
2018-04-22 15:48:06 MainProcess urllib3.connectionpool DEBUG    Starting new HTTP connection (1): www.freebanking.co.za
2018-04-22 15:48:06 MainProcess urllib3.connectionpool DEBUG    http://www.freebanking.co.za:80 "GET / HTTP/1.1" 301 None
2018-04-22 15:48:06 MainProcess urllib3.connectionpool DEBUG    Starting new HTTPS connection (1): www.freebanking.co.za
2018-04-22 15:48:07 MainProcess urllib3.connectionpool DEBUG    https://www.freebanking.co.za:443 "GET / HTTP/1.1" 301 None
2018-04-22 15:48:07 MainProcess urllib3.connectionpool DEBUG    Starting new HTTPS connection (1): www.freebanking.co.za
2018-04-22 15:48:07 MainProcess urllib3.connectionpool DEBUG    Starting new HTTP connection (1): www.freebank.co.za
2018-04-22 15:48:07 MainProcess urllib3.connectionpool DEBUG    http://www.freebank.co.za:80 "GET / HTTP/1.1" 301 None
2018-04-22 15:48:07 MainProcess urllib3.connectionpool DEBUG    Starting new HTTPS connection (1): www.freebank.co.za
2018-04-22 15:48:08 MainProcess urllib3.connectionpool DEBUG    https://www.freebank.co.za:443 "GET / HTTP/1.1" 301 None
2018-04-22 15:48:08 MainProcess urllib3.connectionpool DEBUG    Starting new HTTPS connection (1): www.freebank.co.za
2018-04-22 15:49:05 MainProcess urllib3.connectionpool DEBUG    Starting new HTTP connection (1): www.freebanking.co.za
2018-04-22 15:49:06 MainProcess urllib3.connectionpool DEBUG    http://www.freebanking.co.za:80 "GET / HTTP/1.1" 301 None
2018-04-22 15:49:06 MainProcess urllib3.connectionpool DEBUG    Starting new HTTPS connection (1): www.freebanking.co.za
2018-04-22 15:49:07 MainProcess urllib3.connectionpool DEBUG    https://www.freebanking.co.za:443 "GET / HTTP/1.1" 301 None
2018-04-22 15:49:07 MainProcess urllib3.connectionpool DEBUG    Starting new HTTPS connection (1): www.freebanking.co.za
2018-04-22 15:49:07 MainProcess urllib3.connectionpool DEBUG    Starting new HTTP connection (1): www.freebank.co.za
2018-04-22 15:49:07 MainProcess urllib3.connectionpool DEBUG    http://www.freebank.co.za:80 "GET / HTTP/1.1" 301 None
2018-04-22 15:49:07 MainProcess urllib3.connectionpool DEBUG    Starting new HTTPS connection (1): www.freebank.co.za
2018-04-22 15:49:08 MainProcess urllib3.connectionpool DEBUG    https://www.freebank.co.za:443 "GET / HTTP/1.1" 301 None
2018-04-22 15:49:08 MainProcess urllib3.connectionpool DEBUG    Starting new HTTPS connection (1): www.freebank.co.za
2018-04-22 15:49:32 MainProcess urllib3.connectionpool DEBUG    Starting new HTTP connection (1): www.freebanking.co.za
2018-04-22 15:49:32 MainProcess urllib3.connectionpool DEBUG    http://www.freebanking.co.za:80 "GET / HTTP/1.1" 301 None
2018-04-22 15:49:32 MainProcess urllib3.connectionpool DEBUG    Starting new HTTPS connection (1): www.freebanking.co.za
2018-04-22 15:49:33 MainProcess urllib3.connectionpool DEBUG    https://www.freebanking.co.za:443 "GET / HTTP/1.1" 301 None
2018-04-22 15:49:33 MainProcess urllib3.connectionpool DEBUG    Starting new HTTPS connection (1): www.freebanking.co.za
2018-04-22 15:49:33 MainProcess urllib3.connectionpool DEBUG    Starting new HTTP connection (1): www.freebank.co.za
2018-04-22 15:49:34 MainProcess urllib3.connectionpool DEBUG    http://www.freebank.co.za:80 "GET / HTTP/1.1" 301 None
2018-04-22 15:49:34 MainProcess urllib3.connectionpool DEBUG    Starting new HTTPS connection (1): www.freebank.co.za
2018-04-22 15:49:34 MainProcess urllib3.connectionpool DEBUG    https://www.freebank.co.za:443 "GET / HTTP/1.1" 301 None
2018-04-22 15:49:34 MainProcess urllib3.connectionpool DEBUG    Starting new HTTPS connection (1): www.freebank.co.za
2018-04-22 15:50:24 MainProcess urllib3.connectionpool DEBUG    Starting new HTTP connection (1): www.freebanking.co.za
2018-04-22 15:50:25 MainProcess urllib3.connectionpool DEBUG    http://www.freebanking.co.za:80 "GET / HTTP/1.1" 301 None
2018-04-22 15:50:25 MainProcess urllib3.connectionpool DEBUG    Starting new HTTPS connection (1): www.freebanking.co.za
2018-04-22 15:50:25 MainProcess urllib3.connectionpool DEBUG    https://www.freebanking.co.za:443 "GET / HTTP/1.1" 301 None
2018-04-22 15:50:25 MainProcess urllib3.connectionpool DEBUG    Starting new HTTPS connection (1): www.freebanking.co.za
2018-04-22 15:50:26 MainProcess urllib3.connectionpool DEBUG    Starting new HTTP connection (1): www.freebank.co.za
2018-04-22 15:50:26 MainProcess urllib3.connectionpool DEBUG    http://www.freebank.co.za:80 "GET / HTTP/1.1" 301 None
2018-04-22 15:50:26 MainProcess urllib3.connectionpool DEBUG    Starting new HTTPS connection (1): www.freebank.co.za
2018-04-22 15:50:27 MainProcess urllib3.connectionpool DEBUG    https://www.freebank.co.za:443 "GET / HTTP/1.1" 301 None
2018-04-22 15:50:27 MainProcess urllib3.connectionpool DEBUG    Starting new HTTPS connection (1): www.freebank.co.za
2018-04-22 15:52:04 MainProcess urllib3.connectionpool DEBUG    Starting new HTTP connection (1): www.freebanking.co.za
2018-04-22 15:52:04 MainProcess urllib3.connectionpool DEBUG    http://www.freebanking.co.za:80 "GET / HTTP/1.1" 301 None
2018-04-22 15:52:04 MainProcess urllib3.connectionpool DEBUG    Starting new HTTPS connection (1): www.freebanking.co.za
2018-04-22 15:52:05 MainProcess urllib3.connectionpool DEBUG    https://www.freebanking.co.za:443 "GET / HTTP/1.1" 301 None
2018-04-22 15:52:05 MainProcess urllib3.connectionpool DEBUG    Starting new HTTPS connection (1): www.freebanking.co.za
2018-04-22 15:52:05 MainProcess urllib3.connectionpool DEBUG    Starting new HTTP connection (1): www.freebank.co.za
2018-04-22 15:52:05 MainProcess urllib3.connectionpool DEBUG    http://www.freebank.co.za:80 "GET / HTTP/1.1" 301 None
2018-04-22 15:52:05 MainProcess urllib3.connectionpool DEBUG    Starting new HTTPS connection (1): www.freebank.co.za
2018-04-22 15:52:06 MainProcess urllib3.connectionpool DEBUG    https://www.freebank.co.za:443 "GET / HTTP/1.1" 301 None
2018-04-22 15:52:06 MainProcess urllib3.connectionpool DEBUG    Starting new HTTPS connection (1): www.freebank.co.za
2018-04-22 15:52:24 MainProcess urllib3.connectionpool DEBUG    Starting new HTTP connection (1): www.freebanking.co.za
2018-04-22 15:52:24 MainProcess urllib3.connectionpool DEBUG    http://www.freebanking.co.za:80 "GET / HTTP/1.1" 301 None
2018-04-22 15:52:24 MainProcess urllib3.connectionpool DEBUG    Starting new HTTPS connection (1): www.freebanking.co.za
2018-04-22 15:52:25 MainProcess urllib3.connectionpool DEBUG    https://www.freebanking.co.za:443 "GET / HTTP/1.1" 301 None
2018-04-22 15:52:25 MainProcess urllib3.connectionpool DEBUG    Starting new HTTPS connection (1): www.freebanking.co.za
2018-04-22 15:52:26 MainProcess urllib3.connectionpool DEBUG    Starting new HTTP connection (1): www.freebank.co.za
2018-04-22 15:52:26 MainProcess urllib3.connectionpool DEBUG    http://www.freebank.co.za:80 "GET / HTTP/1.1" 301 None
2018-04-22 15:52:26 MainProcess urllib3.connectionpool DEBUG    Starting new HTTPS connection (1): www.freebank.co.za
2018-04-22 15:52:27 MainProcess urllib3.connectionpool DEBUG    https://www.freebank.co.za:443 "GET / HTTP/1.1" 301 None
2018-04-22 15:52:27 MainProcess urllib3.connectionpool DEBUG    Starting new HTTPS connection (1): www.freebank.co.za
2018-04-22 15:52:48 MainProcess urllib3.connectionpool DEBUG    Starting new HTTP connection (1): www.freebanking.co.za
2018-04-22 15:52:49 MainProcess urllib3.connectionpool DEBUG    http://www.freebanking.co.za:80 "GET / HTTP/1.1" 301 None
2018-04-22 15:52:49 MainProcess urllib3.connectionpool DEBUG    Starting new HTTPS connection (1): www.freebanking.co.za
2018-04-22 15:52:49 MainProcess urllib3.connectionpool DEBUG    https://www.freebanking.co.za:443 "GET / HTTP/1.1" 301 None
2018-04-22 15:52:49 MainProcess urllib3.connectionpool DEBUG    Starting new HTTPS connection (1): www.freebanking.co.za
2018-04-22 15:52:50 MainProcess urllib3.connectionpool DEBUG    Starting new HTTP connection (1): www.freebank.co.za
2018-04-22 15:52:50 MainProcess urllib3.connectionpool DEBUG    http://www.freebank.co.za:80 "GET / HTTP/1.1" 301 None
2018-04-22 15:52:50 MainProcess urllib3.connectionpool DEBUG    Starting new HTTPS connection (1): www.freebank.co.za
2018-04-22 15:52:51 MainProcess urllib3.connectionpool DEBUG    https://www.freebank.co.za:443 "GET / HTTP/1.1" 301 None
2018-04-22 15:52:51 MainProcess urllib3.connectionpool DEBUG    Starting new HTTPS connection (1): www.freebank.co.za
2018-04-22 16:14:27 MainProcess urllib3.connectionpool DEBUG    Starting new HTTP connection (1): www.freebanking.co.za
2018-04-22 16:14:27 MainProcess urllib3.connectionpool DEBUG    http://www.freebanking.co.za:80 "GET / HTTP/1.1" 301 None
2018-04-22 16:14:27 MainProcess urllib3.connectionpool DEBUG    Starting new HTTPS connection (1): www.freebanking.co.za
2018-04-22 16:14:28 MainProcess urllib3.connectionpool DEBUG    https://www.freebanking.co.za:443 "GET / HTTP/1.1" 301 None
2018-04-22 16:14:28 MainProcess urllib3.connectionpool DEBUG    Starting new HTTPS connection (1): www.freebanking.co.za
2018-04-22 16:14:28 MainProcess urllib3.connectionpool DEBUG    Starting new HTTP connection (1): www.freebank.co.za
2018-04-22 16:14:29 MainProcess urllib3.connectionpool DEBUG    http://www.freebank.co.za:80 "GET / HTTP/1.1" 301 None
2018-04-22 16:14:29 MainProcess urllib3.connectionpool DEBUG    Starting new HTTPS connection (1): www.freebank.co.za
2018-04-22 16:14:29 MainProcess urllib3.connectionpool DEBUG    https://www.freebank.co.za:443 "GET / HTTP/1.1" 301 None
2018-04-22 16:14:29 MainProcess urllib3.connectionpool DEBUG    Starting new HTTPS connection (1): www.freebank.co.za
2018-04-22 16:15:13 MainProcess urllib3.connectionpool DEBUG    Starting new HTTP connection (1): www.freebanking.co.za
2018-04-22 16:15:13 MainProcess urllib3.connectionpool DEBUG    http://www.freebanking.co.za:80 "GET / HTTP/1.1" 301 None
2018-04-22 16:15:13 MainProcess urllib3.connectionpool DEBUG    Starting new HTTPS connection (1): www.freebanking.co.za
2018-04-22 16:15:14 MainProcess urllib3.connectionpool DEBUG    https://www.freebanking.co.za:443 "GET / HTTP/1.1" 301 None
2018-04-22 16:15:14 MainProcess urllib3.connectionpool DEBUG    Starting new HTTPS connection (1): www.freebanking.co.za
2018-04-22 16:15:14 MainProcess urllib3.connectionpool DEBUG    Starting new HTTP connection (1): www.freebank.co.za
2018-04-22 16:15:15 MainProcess urllib3.connectionpool DEBUG    http://www.freebank.co.za:80 "GET / HTTP/1.1" 301 None
2018-04-22 16:15:15 MainProcess urllib3.connectionpool DEBUG    Starting new HTTPS connection (1): www.freebank.co.za
2018-04-22 16:15:15 MainProcess urllib3.connectionpool DEBUG    https://www.freebank.co.za:443 "GET / HTTP/1.1" 301 None
2018-04-22 16:15:15 MainProcess urllib3.connectionpool DEBUG    Starting new HTTPS connection (1): www.freebank.co.za
2018-04-22 16:15:29 MainProcess urllib3.connectionpool DEBUG    Starting new HTTP connection (1): www.freebanking.co.za
2018-04-22 16:15:30 MainProcess urllib3.connectionpool DEBUG    http://www.freebanking.co.za:80 "GET / HTTP/1.1" 301 None
2018-04-22 16:15:30 MainProcess urllib3.connectionpool DEBUG    Starting new HTTPS connection (1): www.freebanking.co.za
2018-04-22 16:15:30 MainProcess urllib3.connectionpool DEBUG    https://www.freebanking.co.za:443 "GET / HTTP/1.1" 301 None
2018-04-22 16:15:30 MainProcess urllib3.connectionpool DEBUG    Starting new HTTPS connection (1): www.freebanking.co.za
2018-04-22 16:15:31 MainProcess urllib3.connectionpool DEBUG    Starting new HTTP connection (1): www.freebank.co.za
2018-04-22 16:15:31 MainProcess urllib3.connectionpool DEBUG    http://www.freebank.co.za:80 "GET / HTTP/1.1" 301 None
2018-04-22 16:15:31 MainProcess urllib3.connectionpool DEBUG    Starting new HTTPS connection (1): www.freebank.co.za
2018-04-22 16:15:32 MainProcess urllib3.connectionpool DEBUG    https://www.freebank.co.za:443 "GET / HTTP/1.1" 301 None
2018-04-22 16:15:32 MainProcess urllib3.connectionpool DEBUG    Starting new HTTPS connection (1): www.freebank.co.za
2018-04-22 16:17:06 MainProcess urllib3.connectionpool DEBUG    Starting new HTTP connection (1): www.freebanking.co.za
2018-04-22 16:17:06 MainProcess urllib3.connectionpool DEBUG    http://www.freebanking.co.za:80 "GET / HTTP/1.1" 301 None
2018-04-22 16:17:06 MainProcess urllib3.connectionpool DEBUG    Starting new HTTPS connection (1): www.freebanking.co.za
2018-04-22 16:17:07 MainProcess urllib3.connectionpool DEBUG    https://www.freebanking.co.za:443 "GET / HTTP/1.1" 301 None
2018-04-22 16:17:07 MainProcess urllib3.connectionpool DEBUG    Starting new HTTPS connection (1): www.freebanking.co.za
2018-04-22 16:17:07 MainProcess urllib3.connectionpool DEBUG    Starting new HTTP connection (1): www.freebank.co.za
2018-04-22 16:17:08 MainProcess urllib3.connectionpool DEBUG    http://www.freebank.co.za:80 "GET / HTTP/1.1" 301 None
2018-04-22 16:17:08 MainProcess urllib3.connectionpool DEBUG    Starting new HTTPS connection (1): www.freebank.co.za
2018-04-22 16:17:08 MainProcess urllib3.connectionpool DEBUG    https://www.freebank.co.za:443 "GET / HTTP/1.1" 301 None
2018-04-22 16:17:08 MainProcess urllib3.connectionpool DEBUG    Starting new HTTPS connection (1): www.freebank.co.za
2018-04-22 16:17:09 MainProcess urllib3.connectionpool DEBUG    Starting new HTTP connection (1): www.freebanking.co.za
2018-04-22 16:17:09 MainProcess urllib3.connectionpool DEBUG    http://www.freebanking.co.za:80 "GET / HTTP/1.1" 301 None
2018-04-22 16:17:09 MainProcess urllib3.connectionpool DEBUG    Starting new HTTPS connection (1): www.freebanking.co.za
2018-04-22 16:17:10 MainProcess urllib3.connectionpool DEBUG    https://www.freebanking.co.za:443 "GET / HTTP/1.1" 301 None
2018-04-22 16:17:10 MainProcess urllib3.connectionpool DEBUG    Starting new HTTPS connection (1): www.freebanking.co.za
2018-04-22 16:17:10 MainProcess urllib3.connectionpool DEBUG    Starting new HTTP connection (1): www.freebank.co.za
2018-04-22 16:17:10 MainProcess urllib3.connectionpool DEBUG    http://www.freebank.co.za:80 "GET / HTTP/1.1" 301 None
2018-04-22 16:17:10 MainProcess urllib3.connectionpool DEBUG    Starting new HTTPS connection (1): www.freebank.co.za
2018-04-22 16:17:11 MainProcess urllib3.connectionpool DEBUG    https://www.freebank.co.za:443 "GET / HTTP/1.1" 301 None
2018-04-22 16:17:11 MainProcess urllib3.connectionpool DEBUG    Starting new HTTPS connection (1): www.freebank.co.za
2018-04-22 16:17:12 MainProcess urllib3.connectionpool DEBUG    Starting new HTTP connection (1): www.freebanking.co.za
2018-04-22 16:17:12 MainProcess urllib3.connectionpool DEBUG    http://www.freebanking.co.za:80 "GET / HTTP/1.1" 301 None
2018-04-22 16:17:12 MainProcess urllib3.connectionpool DEBUG    Starting new HTTPS connection (1): www.freebanking.co.za
2018-04-22 16:17:13 MainProcess urllib3.connectionpool DEBUG    https://www.freebanking.co.za:443 "GET / HTTP/1.1" 301 None
2018-04-22 16:17:13 MainProcess urllib3.connectionpool DEBUG    Starting new HTTPS connection (1): www.freebanking.co.za
2018-04-22 16:17:13 MainProcess urllib3.connectionpool DEBUG    Starting new HTTP connection (1): www.freebank.co.za
2018-04-22 16:17:13 MainProcess urllib3.connectionpool DEBUG    http://www.freebank.co.za:80 "GET / HTTP/1.1" 301 None
2018-04-22 16:17:13 MainProcess urllib3.connectionpool DEBUG    Starting new HTTPS connection (1): www.freebank.co.za
2018-04-22 16:17:14 MainProcess urllib3.connectionpool DEBUG    https://www.freebank.co.za:443 "GET / HTTP/1.1" 301 None
2018-04-22 16:17:14 MainProcess urllib3.connectionpool DEBUG    Starting new HTTPS connection (1): www.freebank.co.za
2018-04-22 16:17:14 MainProcess urllib3.connectionpool DEBUG    Starting new HTTP connection (1): www.freebanking.co.za
2018-04-22 16:17:15 MainProcess urllib3.connectionpool DEBUG    http://www.freebanking.co.za:80 "GET / HTTP/1.1" 301 None
2018-04-22 16:17:15 MainProcess urllib3.connectionpool DEBUG    Starting new HTTPS connection (1): www.freebanking.co.za
2018-04-22 16:17:15 MainProcess urllib3.connectionpool DEBUG    https://www.freebanking.co.za:443 "GET / HTTP/1.1" 301 None
2018-04-22 16:17:15 MainProcess urllib3.connectionpool DEBUG    Starting new HTTPS connection (1): www.freebanking.co.za
2018-04-22 16:17:16 MainProcess urllib3.connectionpool DEBUG    Starting new HTTP connection (1): www.freebank.co.za
2018-04-22 16:17:16 MainProcess urllib3.connectionpool DEBUG    http://www.freebank.co.za:80 "GET / HTTP/1.1" 301 None
2018-04-22 16:17:16 MainProcess urllib3.connectionpool DEBUG    Starting new HTTPS connection (1): www.freebank.co.za
2018-04-22 16:17:17 MainProcess urllib3.connectionpool DEBUG    https://www.freebank.co.za:443 "GET / HTTP/1.1" 301 None
2018-04-22 16:17:17 MainProcess urllib3.connectionpool DEBUG    Starting new HTTPS connection (1): www.freebank.co.za
2018-04-22 16:17:17 MainProcess urllib3.connectionpool DEBUG    Starting new HTTP connection (1): www.freebanking.co.za
2018-04-22 16:17:17 MainProcess urllib3.connectionpool DEBUG    http://www.freebanking.co.za:80 "GET / HTTP/1.1" 301 None
2018-04-22 16:17:17 MainProcess urllib3.connectionpool DEBUG    Starting new HTTPS connection (1): www.freebanking.co.za
2018-04-22 16:17:18 MainProcess urllib3.connectionpool DEBUG    https://www.freebanking.co.za:443 "GET / HTTP/1.1" 301 None
2018-04-22 16:17:18 MainProcess urllib3.connectionpool DEBUG    Starting new HTTPS connection (1): www.freebanking.co.za
2018-04-22 16:17:18 MainProcess urllib3.connectionpool DEBUG    Starting new HTTP connection (1): www.freebank.co.za
2018-04-22 16:17:19 MainProcess urllib3.connectionpool DEBUG    http://www.freebank.co.za:80 "GET / HTTP/1.1" 301 None
2018-04-22 16:17:19 MainProcess urllib3.connectionpool DEBUG    Starting new HTTPS connection (1): www.freebank.co.za
2018-04-22 16:17:19 MainProcess urllib3.connectionpool DEBUG    https://www.freebank.co.za:443 "GET / HTTP/1.1" 301 None
2018-04-22 16:17:19 MainProcess urllib3.connectionpool DEBUG    Starting new HTTPS connection (1): www.freebank.co.za
2018-04-22 16:17:20 MainProcess urllib3.connectionpool DEBUG    Starting new HTTP connection (1): www.freebanking.co.za
2018-04-22 16:17:20 MainProcess urllib3.connectionpool DEBUG    http://www.freebanking.co.za:80 "GET / HTTP/1.1" 301 None
2018-04-22 16:17:20 MainProcess urllib3.connectionpool DEBUG    Starting new HTTPS connection (1): www.freebanking.co.za
2018-04-22 16:17:21 MainProcess urllib3.connectionpool DEBUG    https://www.freebanking.co.za:443 "GET / HTTP/1.1" 301 None
2018-04-22 16:17:21 MainProcess urllib3.connectionpool DEBUG    Starting new HTTPS connection (1): www.freebanking.co.za
2018-04-22 16:17:21 MainProcess urllib3.connectionpool DEBUG    Starting new HTTP connection (1): www.freebank.co.za
2018-04-22 16:17:21 MainProcess urllib3.connectionpool DEBUG    http://www.freebank.co.za:80 "GET / HTTP/1.1" 301 None
2018-04-22 16:17:21 MainProcess urllib3.connectionpool DEBUG    Starting new HTTPS connection (1): www.freebank.co.za
2018-04-22 16:17:22 MainProcess urllib3.connectionpool DEBUG    https://www.freebank.co.za:443 "GET / HTTP/1.1" 301 None
2018-04-22 16:17:22 MainProcess urllib3.connectionpool DEBUG    Starting new HTTPS connection (1): www.freebank.co.za
2018-04-22 16:17:22 MainProcess urllib3.connectionpool DEBUG    Starting new HTTP connection (1): www.freebanking.co.za
2018-04-22 16:17:23 MainProcess urllib3.connectionpool DEBUG    http://www.freebanking.co.za:80 "GET / HTTP/1.1" 301 None
2018-04-22 16:17:23 MainProcess urllib3.connectionpool DEBUG    Starting new HTTPS connection (1): www.freebanking.co.za
2018-04-22 16:17:23 MainProcess urllib3.connectionpool DEBUG    https://www.freebanking.co.za:443 "GET / HTTP/1.1" 301 None
2018-04-22 16:17:23 MainProcess urllib3.connectionpool DEBUG    Starting new HTTPS connection (1): www.freebanking.co.za
2018-04-22 16:17:24 MainProcess urllib3.connectionpool DEBUG    Starting new HTTP connection (1): www.freebank.co.za
2018-04-22 16:17:24 MainProcess urllib3.connectionpool DEBUG    http://www.freebank.co.za:80 "GET / HTTP/1.1" 301 None
2018-04-22 16:17:24 MainProcess urllib3.connectionpool DEBUG    Starting new HTTPS connection (1): www.freebank.co.za
2018-04-22 16:17:25 MainProcess urllib3.connectionpool DEBUG    https://www.freebank.co.za:443 "GET / HTTP/1.1" 301 None
2018-04-22 16:17:25 MainProcess urllib3.connectionpool DEBUG    Starting new HTTPS connection (1): www.freebank.co.za
2018-04-22 16:17:25 MainProcess urllib3.connectionpool DEBUG    Starting new HTTP connection (1): www.freebanking.co.za
2018-04-22 16:17:25 MainProcess urllib3.connectionpool DEBUG    http://www.freebanking.co.za:80 "GET / HTTP/1.1" 301 None
2018-04-22 16:17:25 MainProcess urllib3.connectionpool DEBUG    Starting new HTTPS connection (1): www.freebanking.co.za
2018-04-22 16:17:26 MainProcess urllib3.connectionpool DEBUG    https://www.freebanking.co.za:443 "GET / HTTP/1.1" 301 None
2018-04-22 16:17:26 MainProcess urllib3.connectionpool DEBUG    Starting new HTTPS connection (1): www.freebanking.co.za
2018-04-22 16:17:27 MainProcess urllib3.connectionpool DEBUG    Starting new HTTP connection (1): www.freebank.co.za
2018-04-22 16:17:27 MainProcess urllib3.connectionpool DEBUG    http://www.freebank.co.za:80 "GET / HTTP/1.1" 301 None
2018-04-22 16:17:27 MainProcess urllib3.connectionpool DEBUG    Starting new HTTPS connection (1): www.freebank.co.za
2018-04-22 16:17:28 MainProcess urllib3.connectionpool DEBUG    https://www.freebank.co.za:443 "GET / HTTP/1.1" 301 None
2018-04-22 16:17:28 MainProcess urllib3.connectionpool DEBUG    Starting new HTTPS connection (1): www.freebank.co.za
2018-04-22 16:17:28 MainProcess urllib3.connectionpool DEBUG    Starting new HTTP connection (1): www.freebanking.co.za
2018-04-22 16:17:28 MainProcess urllib3.connectionpool DEBUG    http://www.freebanking.co.za:80 "GET / HTTP/1.1" 301 None
2018-04-22 16:17:28 MainProcess urllib3.connectionpool DEBUG    Starting new HTTPS connection (1): www.freebanking.co.za
2018-04-22 16:17:29 MainProcess urllib3.connectionpool DEBUG    https://www.freebanking.co.za:443 "GET / HTTP/1.1" 301 None
2018-04-22 16:17:29 MainProcess urllib3.connectionpool DEBUG    Starting new HTTPS connection (1): www.freebanking.co.za
2018-04-22 16:17:29 MainProcess urllib3.connectionpool DEBUG    Starting new HTTP connection (1): www.freebank.co.za
2018-04-22 16:17:30 MainProcess urllib3.connectionpool DEBUG    http://www.freebank.co.za:80 "GET / HTTP/1.1" 301 None
2018-04-22 16:17:30 MainProcess urllib3.connectionpool DEBUG    Starting new HTTPS connection (1): www.freebank.co.za
2018-04-22 16:17:31 MainProcess urllib3.connectionpool DEBUG    https://www.freebank.co.za:443 "GET / HTTP/1.1" 301 None
2018-04-22 16:17:31 MainProcess urllib3.connectionpool DEBUG    Starting new HTTPS connection (1): www.freebank.co.za
2018-04-22 16:17:31 MainProcess urllib3.connectionpool DEBUG    Starting new HTTP connection (1): www.freebanking.co.za
2018-04-22 16:17:31 MainProcess urllib3.connectionpool DEBUG    http://www.freebanking.co.za:80 "GET / HTTP/1.1" 301 None
2018-04-22 16:17:32 MainProcess urllib3.connectionpool DEBUG    Starting new HTTPS connection (1): www.freebanking.co.za
2018-04-22 16:17:32 MainProcess urllib3.connectionpool DEBUG    https://www.freebanking.co.za:443 "GET / HTTP/1.1" 301 None
2018-04-22 16:17:32 MainProcess urllib3.connectionpool DEBUG    Starting new HTTPS connection (1): www.freebanking.co.za
2018-04-22 16:17:33 MainProcess urllib3.connectionpool DEBUG    Starting new HTTP connection (1): www.freebank.co.za
2018-04-22 16:17:33 MainProcess urllib3.connectionpool DEBUG    http://www.freebank.co.za:80 "GET / HTTP/1.1" 301 None
2018-04-22 16:17:33 MainProcess urllib3.connectionpool DEBUG    Starting new HTTPS connection (1): www.freebank.co.za
2018-04-22 16:17:34 MainProcess urllib3.connectionpool DEBUG    https://www.freebank.co.za:443 "GET / HTTP/1.1" 301 None
2018-04-22 16:17:34 MainProcess urllib3.connectionpool DEBUG    Starting new HTTPS connection (1): www.freebank.co.za
